#
# A fatal error has been detected by the Java Runtime Environment:
#
#  SIGSEGV (0xb) at pc=0x00007fff3aa8487f, pid=50780, tid=775
#
# JRE version: OpenJDK Runtime Environment (15.0.1+9) (build 15.0.1+9-18)
# Java VM: OpenJDK 64-Bit Server VM (15.0.1+9-18, mixed mode, sharing, tiered, compressed oops, g1 gc, bsd-amd64)
# Problematic frame:
# C  [GLEngine+0x12b87f]  gleRunVertexSubmitImmediate+0x2a4f
#
# No core dump will be written. Core dumps have been disabled. To enable core dumping, try "ulimit -c unlimited" before starting Java again
#
# If you would like to submit a bug report, please visit:
#   https://bugreport.java.com/bugreport/crash.jsp
# The crash happened outside the Java Virtual Machine in native code.
# See problematic frame for where to report the bug.
#

---------------  S U M M A R Y ------------

Command Line: -Dfile.encoding=UTF-8 -XX:+ShowCodeDetailsInExceptionMessages main.Main

Host: iMac14,2 x86_64 3200 MHz, 4 cores, 32G, Darwin 19.4.0
Time: Fri Jan 15 18:55:34 2021 CST elapsed time: 3.593417 seconds (0d 0h 0m 3s)

---------------  T H R E A D  ---------------

Current thread (0x00007fc91e00a400):  JavaThread "main" [_thread_in_native, id=775, stack(0x00007ffeec923000,0x00007ffeed123000)]

Stack: [0x00007ffeec923000,0x00007ffeed123000],  sp=0x00007ffeed11f250,  free space=8176k
Native frames: (J=compiled Java code, A=aot compiled Java code, j=interpreted, Vv=VM code, C=native code)
C  [GLEngine+0x12b87f]  gleRunVertexSubmitImmediate+0x2a4f
C  [GLEngine+0xaabdd]  glDrawElements_GL3Exec+0x2b8
j  org.lwjgl.opengl.GL11C.nglDrawElements(IIIJ)V+0
j  org.lwjgl.opengl.GL11C.glDrawElements(IIIJ)V+4
j  org.lwjgl.opengl.GL11.glDrawElements(IIIJ)V+4
j  engine.graphics.Renderer.renderObject(Lengine/objects/GameObject;Lengine/objects/Camera;)V+135
j  main.Main.render()V+36
j  main.Main.run()V+126
j  main.Main.main([Ljava/lang/String;)V+7
v  ~StubRoutines::call_stub
V  [libjvm.dylib+0x4ad942]  JavaCalls::call_helper(JavaValue*, methodHandle const&, JavaCallArguments*, Thread*)+0x2e2
V  [libjvm.dylib+0x50e509]  jni_invoke_static(JNIEnv_*, JavaValue*, _jobject*, JNICallType, _jmethodID*, JNI_ArgumentPusher*, Thread*)+0x1f9
V  [libjvm.dylib+0x511cae]  jni_CallStaticVoidMethod+0x19e
C  [libjli.dylib+0x4f3d]  JavaMain+0xc1d
C  [libjli.dylib+0x78ec]  __JVMInit_block_invoke+0x4c
C  [Foundation+0x41ba5]  __NSBLOCKOPERATION_IS_CALLING_OUT_TO_A_BLOCK__+0x7
C  [Foundation+0x41ac6]  -[NSBlockOperation main]+0x50
C  [Foundation+0x41a61]  __NSOPERATION_IS_INVOKING_MAIN__+0x11
C  [Foundation+0x40c93]  -[NSOperation start]+0x2d2
C  [Foundation+0x9b1bd]  __NSThreadPerformPerform+0xcc
C  [CoreFoundation+0x83f12]  __CFRUNLOOP_IS_CALLING_OUT_TO_A_SOURCE0_PERFORM_FUNCTION__+0x11
C  [CoreFoundation+0x83eb1]  __CFRunLoopDoSource0+0x67
C  [CoreFoundation+0x83ccb]  __CFRunLoopDoSources0+0xd1
C  [CoreFoundation+0x829fa]  __CFRunLoopRun+0x39f
C  [CoreFoundation+0x81ffe]  CFRunLoopRunSpecific+0x1ce
C  [libjli.dylib+0x6e32]  CreateExecutionEnvironment+0x192
C  [libjli.dylib+0x2674]  JLI_Launch+0x614
C  [java+0xc0e]  main+0x19e
C  [libdyld.dylib+0x1acc9]  start+0x1

Java frames: (J=compiled Java code, j=interpreted, Vv=VM code)
j  org.lwjgl.opengl.GL11C.nglDrawElements(IIIJ)V+0
j  org.lwjgl.opengl.GL11C.glDrawElements(IIIJ)V+4
j  org.lwjgl.opengl.GL11.glDrawElements(IIIJ)V+4
j  engine.graphics.Renderer.renderObject(Lengine/objects/GameObject;Lengine/objects/Camera;)V+135
j  main.Main.render()V+36
j  main.Main.run()V+126
j  main.Main.main([Ljava/lang/String;)V+7
v  ~StubRoutines::call_stub

siginfo: si_signo: 11 (SIGSEGV), si_code: 1 (SEGV_MAPERR), si_addr: 0x0000000000000000

Register to memory mapping:

RAX=0x0 is NULL
RBX=0x0000000000000c33 is an unknown value
RCX=0x00007fff3aa843bc: gleRunVertexSubmitImmediate+0x258c in /System/Library/Frameworks/OpenGL.framework/Versions/A/Resources/GLEngine.bundle/GLEngine at 0x00007fff3a959000
RDX=0x0000000000000006 is an unknown value
RSP=0x00007ffeed11f250 is pointing into the stack for thread: 0x00007fc91e00a400
RBP=0x00007ffeed11f3f0 is pointing into the stack for thread: 0x00007fc91e00a400
RSI=0x00007fff3aa84ab4: gleRunVertexSubmitImmediate+0x2c84 in /System/Library/Frameworks/OpenGL.framework/Versions/A/Resources/GLEngine.bundle/GLEngine at 0x00007fff3a959000
RDI=0x0000000000000003 is an unknown value
R8 =0x0000000000000006 is an unknown value
R9 =0x00007fc91cd07c60 points into unknown readable memory: 0x0000001800080d03 | 03 0d 08 00 18 00 00 00
R10=0x0000000000000006 is an unknown value
R11=0x0000000186601082 is an unknown value
R12=0x0 is NULL
R13=0x0 is NULL
R14=0x0000000000000001 is an unknown value
R15=0x00000c3300841000 is an unknown value


Registers:
RAX=0x0000000000000000, RBX=0x0000000000000c33, RCX=0x00007fff3aa843bc, RDX=0x0000000000000006
RSP=0x00007ffeed11f250, RBP=0x00007ffeed11f3f0, RSI=0x00007fff3aa84ab4, RDI=0x0000000000000003
R8 =0x0000000000000006, R9 =0x00007fc91cd07c60, R10=0x0000000000000006, R11=0x0000000186601082
R12=0x0000000000000000, R13=0x0000000000000000, R14=0x0000000000000001, R15=0x00000c3300841000
RIP=0x00007fff3aa8487f, EFLAGS=0x0000000000010297, ERR=0x0000000000000004
  TRAPNO=0x000000000000000e

Top of Stack: (sp=0x00007ffeed11f250)
0x00007ffeed11f250:   cb000000cb000000 cb000000cb000000
0x00007ffeed11f260:   00007fc908098000 0000000000000000
0x00007ffeed11f270:   00007fc900000003 00007fc908008170
0x00007ffeed11f280:   00007fc908008140 00007fc9080081a0
0x00007ffeed11f290:   00007fc908008160 00007fc908008180
0x00007ffeed11f2a0:   00007fc908008150 0000000000000003
0x00007ffeed11f2b0:   0000000000000000 0000000000000000
0x00007ffeed11f2c0:   00007fc908008190 00007fc91cd07c60
0x00007ffeed11f2d0:   fffffffffffffffe 0000000000000000
0x00007ffeed11f2e0:   0000000000000000 0000000000000000
0x00007ffeed11f2f0:   0000000000000024 00007fc908008140
0x00007ffeed11f300:   0000000000000000 00007fc908058000
0x00007ffeed11f310:   0000000000000000 00007fc908008000
0x00007ffeed11f320:   00007fc908058000 0000000000000001
0x00007ffeed11f330:   00007ffeed11f3c0 00007fff2a7f66a1
0x00007ffeed11f340:   00007ffeed11f3d4 000000042a7c58f7
0x00007ffeed11f350:   0000000000000000 0000000000000000
0x00007ffeed11f360:   0000000000000000 0000000400000001
0x00007ffeed11f370:   0000002400000000 00007fff00001405
0x00007ffeed11f380:   0000000000000000 000000013ce3c000
0x00007ffeed11f390:   000000013ce3c480 000000013e3d9000
0x00007ffeed11f3a0:   00007fc90800bda0 00007fc90800bfb0
0x00007ffeed11f3b0:   00007fc91d2121c0 0000000000000000
0x00007ffeed11f3c0:   6fe3c895edef00f7 0000000000000000
0x00007ffeed11f3d0:   00007fc908008000 00007fc91d211e00
0x00007ffeed11f3e0:   0000000000000024 0000000000000024
0x00007ffeed11f3f0:   00007ffeed11f450 00007fff3aa03bdd
0x00007ffeed11f400:   00007fc91d212240 0000000000000004
0x00007ffeed11f410:   0000000000000004 0000000000000024
0x00007ffeed11f420:   00000024103e69d0 0000000107c11b88
0x00007ffeed11f430:   0000000000000000 0000000107c11b88
0x00007ffeed11f440:   00007ffeed11f510 00007fc91e00a400 

Instructions: (pc=0x00007fff3aa8487f)
0x00007fff3aa8477f:   c6 c9 00 0f 5f c1 66 0f 3a 0c e0 07 41 ba 08 00
0x00007fff3aa8478f:   00 00 e9 3a e5 ff ff 0f b7 48 04 66 0f 6e 00 66
0x00007fff3aa8479f:   0f 6e c9 66 0f 61 c1 66 0f 70 c0 44 f2 0f 70 c0
0x00007fff3aa847af:   a0 66 0f 72 e0 10 0f 5b c0 48 8b 85 28 ff ff ff
0x00007fff3aa847bf:   0f 59 80 50 01 00 00 f3 0f 10 88 30 01 00 00 0f
0x00007fff3aa847cf:   c6 c9 00 0f 5f c1 66 0f 3a 0c e0 07 41 ba 0a 00
0x00007fff3aa847df:   00 00 e9 ea e4 ff ff f2 0f 10 00 f3 0f 10 48 08
0x00007fff3aa847ef:   0f 16 c1 0f 5b c0 48 8b 85 28 ff ff ff 0f 59 80
0x00007fff3aa847ff:   60 01 00 00 f3 0f 10 88 30 01 00 00 0f c6 c9 00
0x00007fff3aa8480f:   0f 5f c1 66 0f 3a 0c e0 07 41 ba 0c 00 00 00 e9
0x00007fff3aa8481f:   ad e4 ff ff f3 0f 7e 00 66 0f 6e 48 08 66 0f 6c
0x00007fff3aa8482f:   c1 66 0f 72 d0 01 0f 5b c0 48 8b 85 28 ff ff ff
0x00007fff3aa8483f:   0f 59 80 90 01 00 00 66 0f 3a 0c e0 07 41 ba 0d
0x00007fff3aa8484f:   00 00 00 e9 79 e4 ff ff f2 0f 10 00 f3 0f 10 48
0x00007fff3aa8485f:   08 0f 16 c1 0f 5b e0 48 8b 85 28 ff ff ff 0f 59
0x00007fff3aa8486f:   a0 a0 01 00 00 41 ba 13 00 00 00 e9 51 e4 ff ff
0x00007fff3aa8487f:   f2 0f 10 20 f3 0f 10 40 08 0f 16 e0 41 ba 06 00
0x00007fff3aa8488f:   00 00 41 b8 06 00 00 00 e9 34 e4 ff ff 48 8b 45
0x00007fff3aa8489f:   a8 48 89 45 90 41 81 e2 ff 00 00 00 0f 85 94 d8
0x00007fff3aa848af:   ff ff 66 2e 0f 1f 84 00 00 00 00 00 0f 1f 44 00
0x00007fff3aa848bf:   00 4d 8b 11 49 0f ba e2 22 72 10 4c 89 d0 48 c1
0x00007fff3aa848cf:   e8 0e 25 fc 03 00 00 48 01 45 98 41 f7 c2 00 08
0x00007fff3aa848df:   00 00 74 29 44 89 d0 25 00 07 00 00 48 3d 00 07
0x00007fff3aa848ef:   00 00 0f 85 a9 d7 ff ff 4c 89 d0 48 c1 e8 16 25
0x00007fff3aa848ff:   fc 03 00 00 48 01 45 a8 e9 9b d7 ff ff 48 b8 00
0x00007fff3aa8490f:   00 00 00 05 00 00 00 49 85 c2 75 23 48 8b 45 98
0x00007fff3aa8491f:   49 89 80 30 a1 00 00 eb 16 48 b8 00 00 00 00 01
0x00007fff3aa8492f:   00 00 00 49 85 c2 75 07 49 89 88 30 a1 00 00 48
0x00007fff3aa8493f:   8b 05 4b 81 42 4e 48 8b 00 48 3b 45 d0 0f 85 0c
0x00007fff3aa8494f:   01 00 00 48 81 c4 78 01 00 00 5b 41 5c 41 5d 41
0x00007fff3aa8495f:   5e 41 5f 5d c3 83 fa 07 49 89 f8 75 63 49 8b 80
0x00007fff3aa8496f:   30 a1 00 00 48 89 45 98 49 8b 80 c0 a3 00 00 48 


Stack slot to memory mapping:
stack at sp + 0 slots: 0xcb000000cb000000 is an unknown value
stack at sp + 1 slots: 0xcb000000cb000000 is an unknown value
stack at sp + 2 slots: 0x00007fc908098000 points into unknown readable memory: 0x0800500400000009 | 09 00 00 00 04 50 00 08
stack at sp + 3 slots: 0x0 is NULL
stack at sp + 4 slots: 0x00007fc900000003 points into unknown readable memory: 00 00 00 00 00
stack at sp + 5 slots: 0x00007fc908008170 points into unknown readable memory: 0x3b8080813b808081 | 81 80 80 3b 81 80 80 3b
stack at sp + 6 slots: 0x00007fc908008140 points into unknown readable memory: 0x3c0102043c010204 | 04 02 01 3c 04 02 01 3c
stack at sp + 7 slots: 0x00007fc9080081a0 points into unknown readable memory: 0x3780000037800000 | 00 00 80 37 00 00 80 37


---------------  P R O C E S S  ---------------

Threads class SMR info:
_java_thread_list=0x00007fc91cc50710, length=10, elements={
0x00007fc91e00a400, 0x00007fc91e00c400, 0x00007fc91e820a00, 0x00007fc91e026400,
0x00007fc91d0d8800, 0x00007fc91e00d600, 0x00007fc91d0d8e00, 0x00007fc91d0d9400,
0x00007fc91e029800, 0x00007fc91e00dc00
}

Java Threads: ( => current thread )
=>0x00007fc91e00a400 JavaThread "main" [_thread_in_native, id=775, stack(0x00007ffeec923000,0x00007ffeed123000)]
  0x00007fc91e00c400 JavaThread "Reference Handler" daemon [_thread_blocked, id=17155, stack(0x00007000059c3000,0x0000700005ac3000)]
  0x00007fc91e820a00 JavaThread "Finalizer" daemon [_thread_blocked, id=14851, stack(0x0000700005ac6000,0x0000700005bc6000)]
  0x00007fc91e026400 JavaThread "Signal Dispatcher" daemon [_thread_blocked, id=42499, stack(0x0000700005ccf000,0x0000700005dcf000)]
  0x00007fc91d0d8800 JavaThread "Service Thread" daemon [_thread_blocked, id=22531, stack(0x0000700005dd2000,0x0000700005ed2000)]
  0x00007fc91e00d600 JavaThread "C2 CompilerThread0" daemon [_thread_blocked, id=22787, stack(0x0000700005ed5000,0x0000700005fd5000)]
  0x00007fc91d0d8e00 JavaThread "C1 CompilerThread0" daemon [_thread_blocked, id=40451, stack(0x0000700005fd8000,0x00007000060d8000)]
  0x00007fc91d0d9400 JavaThread "Sweeper thread" daemon [_thread_blocked, id=39683, stack(0x00007000060db000,0x00007000061db000)]
  0x00007fc91e029800 JavaThread "Notification Thread" daemon [_thread_blocked, id=39171, stack(0x00007000061de000,0x00007000062de000)]
  0x00007fc91e00dc00 JavaThread "Common-Cleaner" daemon [_thread_blocked, id=38147, stack(0x00007000063e4000,0x00007000064e4000)]

Other Threads:
  0x00007fc91cd12790 VMThread "VM Thread" [stack: 0x00007000058c0000,0x00007000059c0000] [id=17923]
  0x00007fc91cf09ca0 WatcherThread [stack: 0x00007000062e1000,0x00007000063e1000] [id=38659]
  0x00007fc91cc20bc0 GCTaskThread "GC Thread#0" [stack: 0x00007000053b1000,0x00007000054b1000] [id=19459]
  0x00007fc91ce09900 ConcurrentGCThread "G1 Main Marker" [stack: 0x00007000054b4000,0x00007000055b4000] [id=19203]
  0x00007fc91ce0a9f0 ConcurrentGCThread "G1 Conc#0" [stack: 0x00007000055b7000,0x00007000056b7000] [id=12803]
  0x00007fc91cc3c370 ConcurrentGCThread "G1 Refine#0" [stack: 0x00007000056ba000,0x00007000057ba000] [id=18691]
  0x00007fc91ce0ba30 ConcurrentGCThread "G1 Young RemSet Sampling" [stack: 0x00007000057bd000,0x00007000058bd000] [id=18179]

Threads with active compile tasks:

VM state: not at safepoint (normal execution)

VM Mutex/Monitor currently owned by a thread: None

Heap address: 0x0000000600000000, size: 8192 MB, Compressed Oops mode: Zero based, Oop shift amount: 3
CDS archive(s) mapped at: [0x0000000800000000-0x0000000800b2b000-0x0000000800b2b000), size 11710464, SharedBaseAddress: 0x0000000800000000, ArchiveRelocationMode: 0.
Compressed class space mapped at: 0x0000000800b2c000-0x0000000840b2c000, size: 1073741824
Narrow klass base: 0x0000000800000000, Narrow klass shift: 3, Narrow klass range: 0x100000000

GC Precious Log:
 CPUs: 4 total, 4 available
 Memory: 32768M
 Large Page Support: Disabled
 NUMA Support: Disabled
 Compressed Oops: Enabled (Zero based)
 Heap Region Size: 4M
 Heap Min Capacity: 8M
 Heap Initial Capacity: 512M
 Heap Max Capacity: 8G
 Pre-touch: Disabled
 Parallel Workers: 4
 Concurrent Workers: 1
 Concurrent Refinement Workers: 4
 Periodic GC: Disabled

Heap:
 garbage-first heap   total 532480K, used 16168K [0x0000000600000000, 0x0000000800000000)
  region size 4096K, 4 young (16384K), 0 survivors (0K)
 Metaspace       used 4720K, capacity 7433K, committed 7808K, reserved 1056768K
  class space    used 275K, capacity 540K, committed 640K, reserved 1048576K

Heap Regions: E=young(eden), S=young(survivor), O=old, HS=humongous(starts), HC=humongous(continues), CS=collection set, F=free, OA=open archive, CA=closed archive, TAMS=top-at-mark-start (previous, next)
|   0|0x0000000600000000, 0x0000000600000000, 0x0000000600400000|  0%| F|  |TAMS 0x0000000600000000, 0x0000000600000000| Untracked 
|   1|0x0000000600400000, 0x0000000600400000, 0x0000000600800000|  0%| F|  |TAMS 0x0000000600400000, 0x0000000600400000| Untracked 
|   2|0x0000000600800000, 0x0000000600800000, 0x0000000600c00000|  0%| F|  |TAMS 0x0000000600800000, 0x0000000600800000| Untracked 
|   3|0x0000000600c00000, 0x0000000600c00000, 0x0000000601000000|  0%| F|  |TAMS 0x0000000600c00000, 0x0000000600c00000| Untracked 
|   4|0x0000000601000000, 0x0000000601000000, 0x0000000601400000|  0%| F|  |TAMS 0x0000000601000000, 0x0000000601000000| Untracked 
|   5|0x0000000601400000, 0x0000000601400000, 0x0000000601800000|  0%| F|  |TAMS 0x0000000601400000, 0x0000000601400000| Untracked 
|   6|0x0000000601800000, 0x0000000601800000, 0x0000000601c00000|  0%| F|  |TAMS 0x0000000601800000, 0x0000000601800000| Untracked 
|   7|0x0000000601c00000, 0x0000000601c00000, 0x0000000602000000|  0%| F|  |TAMS 0x0000000601c00000, 0x0000000601c00000| Untracked 
|   8|0x0000000602000000, 0x0000000602000000, 0x0000000602400000|  0%| F|  |TAMS 0x0000000602000000, 0x0000000602000000| Untracked 
|   9|0x0000000602400000, 0x0000000602400000, 0x0000000602800000|  0%| F|  |TAMS 0x0000000602400000, 0x0000000602400000| Untracked 
|  10|0x0000000602800000, 0x0000000602800000, 0x0000000602c00000|  0%| F|  |TAMS 0x0000000602800000, 0x0000000602800000| Untracked 
|  11|0x0000000602c00000, 0x0000000602c00000, 0x0000000603000000|  0%| F|  |TAMS 0x0000000602c00000, 0x0000000602c00000| Untracked 
|  12|0x0000000603000000, 0x0000000603000000, 0x0000000603400000|  0%| F|  |TAMS 0x0000000603000000, 0x0000000603000000| Untracked 
|  13|0x0000000603400000, 0x0000000603400000, 0x0000000603800000|  0%| F|  |TAMS 0x0000000603400000, 0x0000000603400000| Untracked 
|  14|0x0000000603800000, 0x0000000603800000, 0x0000000603c00000|  0%| F|  |TAMS 0x0000000603800000, 0x0000000603800000| Untracked 
|  15|0x0000000603c00000, 0x0000000603c00000, 0x0000000604000000|  0%| F|  |TAMS 0x0000000603c00000, 0x0000000603c00000| Untracked 
|  16|0x0000000604000000, 0x0000000604000000, 0x0000000604400000|  0%| F|  |TAMS 0x0000000604000000, 0x0000000604000000| Untracked 
|  17|0x0000000604400000, 0x0000000604400000, 0x0000000604800000|  0%| F|  |TAMS 0x0000000604400000, 0x0000000604400000| Untracked 
|  18|0x0000000604800000, 0x0000000604800000, 0x0000000604c00000|  0%| F|  |TAMS 0x0000000604800000, 0x0000000604800000| Untracked 
|  19|0x0000000604c00000, 0x0000000604c00000, 0x0000000605000000|  0%| F|  |TAMS 0x0000000604c00000, 0x0000000604c00000| Untracked 
|  20|0x0000000605000000, 0x0000000605000000, 0x0000000605400000|  0%| F|  |TAMS 0x0000000605000000, 0x0000000605000000| Untracked 
|  21|0x0000000605400000, 0x0000000605400000, 0x0000000605800000|  0%| F|  |TAMS 0x0000000605400000, 0x0000000605400000| Untracked 
|  22|0x0000000605800000, 0x0000000605800000, 0x0000000605c00000|  0%| F|  |TAMS 0x0000000605800000, 0x0000000605800000| Untracked 
|  23|0x0000000605c00000, 0x0000000605c00000, 0x0000000606000000|  0%| F|  |TAMS 0x0000000605c00000, 0x0000000605c00000| Untracked 
|  24|0x0000000606000000, 0x0000000606000000, 0x0000000606400000|  0%| F|  |TAMS 0x0000000606000000, 0x0000000606000000| Untracked 
|  25|0x0000000606400000, 0x0000000606400000, 0x0000000606800000|  0%| F|  |TAMS 0x0000000606400000, 0x0000000606400000| Untracked 
|  26|0x0000000606800000, 0x0000000606800000, 0x0000000606c00000|  0%| F|  |TAMS 0x0000000606800000, 0x0000000606800000| Untracked 
|  27|0x0000000606c00000, 0x0000000606c00000, 0x0000000607000000|  0%| F|  |TAMS 0x0000000606c00000, 0x0000000606c00000| Untracked 
|  28|0x0000000607000000, 0x0000000607000000, 0x0000000607400000|  0%| F|  |TAMS 0x0000000607000000, 0x0000000607000000| Untracked 
|  29|0x0000000607400000, 0x0000000607400000, 0x0000000607800000|  0%| F|  |TAMS 0x0000000607400000, 0x0000000607400000| Untracked 
|  30|0x0000000607800000, 0x0000000607800000, 0x0000000607c00000|  0%| F|  |TAMS 0x0000000607800000, 0x0000000607800000| Untracked 
|  31|0x0000000607c00000, 0x0000000607c00000, 0x0000000608000000|  0%| F|  |TAMS 0x0000000607c00000, 0x0000000607c00000| Untracked 
|  32|0x0000000608000000, 0x0000000608000000, 0x0000000608400000|  0%| F|  |TAMS 0x0000000608000000, 0x0000000608000000| Untracked 
|  33|0x0000000608400000, 0x0000000608400000, 0x0000000608800000|  0%| F|  |TAMS 0x0000000608400000, 0x0000000608400000| Untracked 
|  34|0x0000000608800000, 0x0000000608800000, 0x0000000608c00000|  0%| F|  |TAMS 0x0000000608800000, 0x0000000608800000| Untracked 
|  35|0x0000000608c00000, 0x0000000608c00000, 0x0000000609000000|  0%| F|  |TAMS 0x0000000608c00000, 0x0000000608c00000| Untracked 
|  36|0x0000000609000000, 0x0000000609000000, 0x0000000609400000|  0%| F|  |TAMS 0x0000000609000000, 0x0000000609000000| Untracked 
|  37|0x0000000609400000, 0x0000000609400000, 0x0000000609800000|  0%| F|  |TAMS 0x0000000609400000, 0x0000000609400000| Untracked 
|  38|0x0000000609800000, 0x0000000609800000, 0x0000000609c00000|  0%| F|  |TAMS 0x0000000609800000, 0x0000000609800000| Untracked 
|  39|0x0000000609c00000, 0x0000000609c00000, 0x000000060a000000|  0%| F|  |TAMS 0x0000000609c00000, 0x0000000609c00000| Untracked 
|  40|0x000000060a000000, 0x000000060a000000, 0x000000060a400000|  0%| F|  |TAMS 0x000000060a000000, 0x000000060a000000| Untracked 
|  41|0x000000060a400000, 0x000000060a400000, 0x000000060a800000|  0%| F|  |TAMS 0x000000060a400000, 0x000000060a400000| Untracked 
|  42|0x000000060a800000, 0x000000060a800000, 0x000000060ac00000|  0%| F|  |TAMS 0x000000060a800000, 0x000000060a800000| Untracked 
|  43|0x000000060ac00000, 0x000000060ac00000, 0x000000060b000000|  0%| F|  |TAMS 0x000000060ac00000, 0x000000060ac00000| Untracked 
|  44|0x000000060b000000, 0x000000060b000000, 0x000000060b400000|  0%| F|  |TAMS 0x000000060b000000, 0x000000060b000000| Untracked 
|  45|0x000000060b400000, 0x000000060b400000, 0x000000060b800000|  0%| F|  |TAMS 0x000000060b400000, 0x000000060b400000| Untracked 
|  46|0x000000060b800000, 0x000000060b800000, 0x000000060bc00000|  0%| F|  |TAMS 0x000000060b800000, 0x000000060b800000| Untracked 
|  47|0x000000060bc00000, 0x000000060bc00000, 0x000000060c000000|  0%| F|  |TAMS 0x000000060bc00000, 0x000000060bc00000| Untracked 
|  48|0x000000060c000000, 0x000000060c000000, 0x000000060c400000|  0%| F|  |TAMS 0x000000060c000000, 0x000000060c000000| Untracked 
|  49|0x000000060c400000, 0x000000060c400000, 0x000000060c800000|  0%| F|  |TAMS 0x000000060c400000, 0x000000060c400000| Untracked 
|  50|0x000000060c800000, 0x000000060c800000, 0x000000060cc00000|  0%| F|  |TAMS 0x000000060c800000, 0x000000060c800000| Untracked 
|  51|0x000000060cc00000, 0x000000060cc00000, 0x000000060d000000|  0%| F|  |TAMS 0x000000060cc00000, 0x000000060cc00000| Untracked 
|  52|0x000000060d000000, 0x000000060d000000, 0x000000060d400000|  0%| F|  |TAMS 0x000000060d000000, 0x000000060d000000| Untracked 
|  53|0x000000060d400000, 0x000000060d400000, 0x000000060d800000|  0%| F|  |TAMS 0x000000060d400000, 0x000000060d400000| Untracked 
|  54|0x000000060d800000, 0x000000060d800000, 0x000000060dc00000|  0%| F|  |TAMS 0x000000060d800000, 0x000000060d800000| Untracked 
|  55|0x000000060dc00000, 0x000000060dc00000, 0x000000060e000000|  0%| F|  |TAMS 0x000000060dc00000, 0x000000060dc00000| Untracked 
|  56|0x000000060e000000, 0x000000060e000000, 0x000000060e400000|  0%| F|  |TAMS 0x000000060e000000, 0x000000060e000000| Untracked 
|  57|0x000000060e400000, 0x000000060e400000, 0x000000060e800000|  0%| F|  |TAMS 0x000000060e400000, 0x000000060e400000| Untracked 
|  58|0x000000060e800000, 0x000000060e800000, 0x000000060ec00000|  0%| F|  |TAMS 0x000000060e800000, 0x000000060e800000| Untracked 
|  59|0x000000060ec00000, 0x000000060ec00000, 0x000000060f000000|  0%| F|  |TAMS 0x000000060ec00000, 0x000000060ec00000| Untracked 
|  60|0x000000060f000000, 0x000000060f000000, 0x000000060f400000|  0%| F|  |TAMS 0x000000060f000000, 0x000000060f000000| Untracked 
|  61|0x000000060f400000, 0x000000060f400000, 0x000000060f800000|  0%| F|  |TAMS 0x000000060f400000, 0x000000060f400000| Untracked 
|  62|0x000000060f800000, 0x000000060f800000, 0x000000060fc00000|  0%| F|  |TAMS 0x000000060f800000, 0x000000060f800000| Untracked 
|  63|0x000000060fc00000, 0x000000060fc00000, 0x0000000610000000|  0%| F|  |TAMS 0x000000060fc00000, 0x000000060fc00000| Untracked 
|  64|0x0000000610000000, 0x0000000610000000, 0x0000000610400000|  0%| F|  |TAMS 0x0000000610000000, 0x0000000610000000| Untracked 
|  65|0x0000000610400000, 0x0000000610400000, 0x0000000610800000|  0%| F|  |TAMS 0x0000000610400000, 0x0000000610400000| Untracked 
|  66|0x0000000610800000, 0x0000000610800000, 0x0000000610c00000|  0%| F|  |TAMS 0x0000000610800000, 0x0000000610800000| Untracked 
|  67|0x0000000610c00000, 0x0000000610c00000, 0x0000000611000000|  0%| F|  |TAMS 0x0000000610c00000, 0x0000000610c00000| Untracked 
|  68|0x0000000611000000, 0x0000000611000000, 0x0000000611400000|  0%| F|  |TAMS 0x0000000611000000, 0x0000000611000000| Untracked 
|  69|0x0000000611400000, 0x0000000611400000, 0x0000000611800000|  0%| F|  |TAMS 0x0000000611400000, 0x0000000611400000| Untracked 
|  70|0x0000000611800000, 0x0000000611800000, 0x0000000611c00000|  0%| F|  |TAMS 0x0000000611800000, 0x0000000611800000| Untracked 
|  71|0x0000000611c00000, 0x0000000611c00000, 0x0000000612000000|  0%| F|  |TAMS 0x0000000611c00000, 0x0000000611c00000| Untracked 
|  72|0x0000000612000000, 0x0000000612000000, 0x0000000612400000|  0%| F|  |TAMS 0x0000000612000000, 0x0000000612000000| Untracked 
|  73|0x0000000612400000, 0x0000000612400000, 0x0000000612800000|  0%| F|  |TAMS 0x0000000612400000, 0x0000000612400000| Untracked 
|  74|0x0000000612800000, 0x0000000612800000, 0x0000000612c00000|  0%| F|  |TAMS 0x0000000612800000, 0x0000000612800000| Untracked 
|  75|0x0000000612c00000, 0x0000000612c00000, 0x0000000613000000|  0%| F|  |TAMS 0x0000000612c00000, 0x0000000612c00000| Untracked 
|  76|0x0000000613000000, 0x0000000613000000, 0x0000000613400000|  0%| F|  |TAMS 0x0000000613000000, 0x0000000613000000| Untracked 
|  77|0x0000000613400000, 0x0000000613400000, 0x0000000613800000|  0%| F|  |TAMS 0x0000000613400000, 0x0000000613400000| Untracked 
|  78|0x0000000613800000, 0x0000000613800000, 0x0000000613c00000|  0%| F|  |TAMS 0x0000000613800000, 0x0000000613800000| Untracked 
|  79|0x0000000613c00000, 0x0000000613c00000, 0x0000000614000000|  0%| F|  |TAMS 0x0000000613c00000, 0x0000000613c00000| Untracked 
|  80|0x0000000614000000, 0x0000000614000000, 0x0000000614400000|  0%| F|  |TAMS 0x0000000614000000, 0x0000000614000000| Untracked 
|  81|0x0000000614400000, 0x0000000614400000, 0x0000000614800000|  0%| F|  |TAMS 0x0000000614400000, 0x0000000614400000| Untracked 
|  82|0x0000000614800000, 0x0000000614800000, 0x0000000614c00000|  0%| F|  |TAMS 0x0000000614800000, 0x0000000614800000| Untracked 
|  83|0x0000000614c00000, 0x0000000614c00000, 0x0000000615000000|  0%| F|  |TAMS 0x0000000614c00000, 0x0000000614c00000| Untracked 
|  84|0x0000000615000000, 0x0000000615000000, 0x0000000615400000|  0%| F|  |TAMS 0x0000000615000000, 0x0000000615000000| Untracked 
|  85|0x0000000615400000, 0x0000000615400000, 0x0000000615800000|  0%| F|  |TAMS 0x0000000615400000, 0x0000000615400000| Untracked 
|  86|0x0000000615800000, 0x0000000615800000, 0x0000000615c00000|  0%| F|  |TAMS 0x0000000615800000, 0x0000000615800000| Untracked 
|  87|0x0000000615c00000, 0x0000000615c00000, 0x0000000616000000|  0%| F|  |TAMS 0x0000000615c00000, 0x0000000615c00000| Untracked 
|  88|0x0000000616000000, 0x0000000616000000, 0x0000000616400000|  0%| F|  |TAMS 0x0000000616000000, 0x0000000616000000| Untracked 
|  89|0x0000000616400000, 0x0000000616400000, 0x0000000616800000|  0%| F|  |TAMS 0x0000000616400000, 0x0000000616400000| Untracked 
|  90|0x0000000616800000, 0x0000000616800000, 0x0000000616c00000|  0%| F|  |TAMS 0x0000000616800000, 0x0000000616800000| Untracked 
|  91|0x0000000616c00000, 0x0000000616c00000, 0x0000000617000000|  0%| F|  |TAMS 0x0000000616c00000, 0x0000000616c00000| Untracked 
|  92|0x0000000617000000, 0x0000000617000000, 0x0000000617400000|  0%| F|  |TAMS 0x0000000617000000, 0x0000000617000000| Untracked 
|  93|0x0000000617400000, 0x0000000617400000, 0x0000000617800000|  0%| F|  |TAMS 0x0000000617400000, 0x0000000617400000| Untracked 
|  94|0x0000000617800000, 0x0000000617800000, 0x0000000617c00000|  0%| F|  |TAMS 0x0000000617800000, 0x0000000617800000| Untracked 
|  95|0x0000000617c00000, 0x0000000617c00000, 0x0000000618000000|  0%| F|  |TAMS 0x0000000617c00000, 0x0000000617c00000| Untracked 
|  96|0x0000000618000000, 0x0000000618000000, 0x0000000618400000|  0%| F|  |TAMS 0x0000000618000000, 0x0000000618000000| Untracked 
|  97|0x0000000618400000, 0x0000000618400000, 0x0000000618800000|  0%| F|  |TAMS 0x0000000618400000, 0x0000000618400000| Untracked 
|  98|0x0000000618800000, 0x0000000618800000, 0x0000000618c00000|  0%| F|  |TAMS 0x0000000618800000, 0x0000000618800000| Untracked 
|  99|0x0000000618c00000, 0x0000000618c00000, 0x0000000619000000|  0%| F|  |TAMS 0x0000000618c00000, 0x0000000618c00000| Untracked 
| 100|0x0000000619000000, 0x0000000619000000, 0x0000000619400000|  0%| F|  |TAMS 0x0000000619000000, 0x0000000619000000| Untracked 
| 101|0x0000000619400000, 0x0000000619400000, 0x0000000619800000|  0%| F|  |TAMS 0x0000000619400000, 0x0000000619400000| Untracked 
| 102|0x0000000619800000, 0x0000000619800000, 0x0000000619c00000|  0%| F|  |TAMS 0x0000000619800000, 0x0000000619800000| Untracked 
| 103|0x0000000619c00000, 0x0000000619c00000, 0x000000061a000000|  0%| F|  |TAMS 0x0000000619c00000, 0x0000000619c00000| Untracked 
| 104|0x000000061a000000, 0x000000061a000000, 0x000000061a400000|  0%| F|  |TAMS 0x000000061a000000, 0x000000061a000000| Untracked 
| 105|0x000000061a400000, 0x000000061a400000, 0x000000061a800000|  0%| F|  |TAMS 0x000000061a400000, 0x000000061a400000| Untracked 
| 106|0x000000061a800000, 0x000000061a800000, 0x000000061ac00000|  0%| F|  |TAMS 0x000000061a800000, 0x000000061a800000| Untracked 
| 107|0x000000061ac00000, 0x000000061ac00000, 0x000000061b000000|  0%| F|  |TAMS 0x000000061ac00000, 0x000000061ac00000| Untracked 
| 108|0x000000061b000000, 0x000000061b000000, 0x000000061b400000|  0%| F|  |TAMS 0x000000061b000000, 0x000000061b000000| Untracked 
| 109|0x000000061b400000, 0x000000061b400000, 0x000000061b800000|  0%| F|  |TAMS 0x000000061b400000, 0x000000061b400000| Untracked 
| 110|0x000000061b800000, 0x000000061b800000, 0x000000061bc00000|  0%| F|  |TAMS 0x000000061b800000, 0x000000061b800000| Untracked 
| 111|0x000000061bc00000, 0x000000061bc00000, 0x000000061c000000|  0%| F|  |TAMS 0x000000061bc00000, 0x000000061bc00000| Untracked 
| 112|0x000000061c000000, 0x000000061c000000, 0x000000061c400000|  0%| F|  |TAMS 0x000000061c000000, 0x000000061c000000| Untracked 
| 113|0x000000061c400000, 0x000000061c400000, 0x000000061c800000|  0%| F|  |TAMS 0x000000061c400000, 0x000000061c400000| Untracked 
| 114|0x000000061c800000, 0x000000061c800000, 0x000000061cc00000|  0%| F|  |TAMS 0x000000061c800000, 0x000000061c800000| Untracked 
| 115|0x000000061cc00000, 0x000000061cc00000, 0x000000061d000000|  0%| F|  |TAMS 0x000000061cc00000, 0x000000061cc00000| Untracked 
| 116|0x000000061d000000, 0x000000061d000000, 0x000000061d400000|  0%| F|  |TAMS 0x000000061d000000, 0x000000061d000000| Untracked 
| 117|0x000000061d400000, 0x000000061d400000, 0x000000061d800000|  0%| F|  |TAMS 0x000000061d400000, 0x000000061d400000| Untracked 
| 118|0x000000061d800000, 0x000000061d800000, 0x000000061dc00000|  0%| F|  |TAMS 0x000000061d800000, 0x000000061d800000| Untracked 
| 119|0x000000061dc00000, 0x000000061dc00000, 0x000000061e000000|  0%| F|  |TAMS 0x000000061dc00000, 0x000000061dc00000| Untracked 
| 120|0x000000061e000000, 0x000000061e000000, 0x000000061e400000|  0%| F|  |TAMS 0x000000061e000000, 0x000000061e000000| Untracked 
| 121|0x000000061e400000, 0x000000061e400000, 0x000000061e800000|  0%| F|  |TAMS 0x000000061e400000, 0x000000061e400000| Untracked 
| 122|0x000000061e800000, 0x000000061e800000, 0x000000061ec00000|  0%| F|  |TAMS 0x000000061e800000, 0x000000061e800000| Untracked 
| 123|0x000000061ec00000, 0x000000061ec00000, 0x000000061f000000|  0%| F|  |TAMS 0x000000061ec00000, 0x000000061ec00000| Untracked 
| 124|0x000000061f000000, 0x000000061f14ec18, 0x000000061f400000| 32%| E|  |TAMS 0x000000061f000000, 0x000000061f000000| Complete 
| 125|0x000000061f400000, 0x000000061f800000, 0x000000061f800000|100%| E|CS|TAMS 0x000000061f400000, 0x000000061f400000| Complete 
| 126|0x000000061f800000, 0x000000061fc00000, 0x000000061fc00000|100%| E|CS|TAMS 0x000000061f800000, 0x000000061f800000| Complete 
| 127|0x000000061fc00000, 0x0000000620000000, 0x0000000620000000|100%| E|CS|TAMS 0x000000061fc00000, 0x000000061fc00000| Complete 
|1790|0x00000007bf800000, 0x00000007bfb51000, 0x00000007bfc00000| 82%|OA|  |TAMS 0x00000007bf800000, 0x00000007bf800000| Untracked 
|1791|0x00000007bfc00000, 0x00000007bfc79000, 0x00000007c0000000| 11%|CA|  |TAMS 0x00000007bfc00000, 0x00000007bfc00000| Untracked 

Card table byte_map: [0x00000001055a8000,0x00000001065a8000] _byte_map_base: 0x00000001025a8000

Marking Bits (Prev, Next): (CMBitMap*) 0x00007fc91e00bc10, (CMBitMap*) 0x00007fc91e00bc50
 Prev Bits: [0x000000011f3dd000, 0x00000001273dd000)
 Next Bits: [0x00000001273dd000, 0x000000012f3dd000)

Polling page: 0x0000000102b1d000

Metaspace:

Usage:
  Non-class:      6.73 MB capacity,     4.34 MB ( 64%) used,     2.39 MB ( 35%) free+waste,     5.19 KB ( <1%) overhead. 
      Class:    540.00 KB capacity,   275.67 KB ( 51%) used,   262.58 KB ( 49%) free+waste,     1.75 KB ( <1%) overhead. 
       Both:      7.26 MB capacity,     4.61 MB ( 64%) used,     2.64 MB ( 36%) free+waste,     6.94 KB ( <1%) overhead. 

Virtual space:
  Non-class space:        8.00 MB reserved,       7.00 MB ( 88%) committed 
      Class space:        1.00 GB reserved,     640.00 KB ( <1%) committed 
             Both:        1.01 GB reserved,       7.62 MB ( <1%) committed 

Chunk freelists:
   Non-Class:  115.00 KB
       Class:  20.00 KB
        Both:  135.00 KB

MaxMetaspaceSize: 17179869184.00 GB
CompressedClassSpaceSize: 1.00 GB

CodeHeap 'non-profiled nmethods': size=120032Kb used=221Kb max_used=221Kb free=119810Kb
 bounds [0x0000000117ea5000, 0x0000000118115000, 0x000000011f3dd000]
CodeHeap 'profiled nmethods': size=120028Kb used=1112Kb max_used=1112Kb free=118915Kb
 bounds [0x000000011096e000, 0x0000000110bde000, 0x0000000117ea5000]
CodeHeap 'non-nmethods': size=5700Kb used=1541Kb max_used=1555Kb free=4158Kb
 bounds [0x00000001103dd000, 0x000000011064d000, 0x000000011096e000]
 total_blobs=1623 nmethods=701 adapters=836
 compilation: enabled
              stopped_count=0, restarted_count=0
 full_count=0

Compilation events (20 events):
Event: 3.484 Thread 0x00007fc91d0d8e00  691       3       java.io.UnixFileSystem::normalize (41 bytes)
Event: 3.484 Thread 0x00007fc91d0d8e00 nmethod 691 0x0000000110a81510 code [0x0000000110a81720, 0x0000000110a81d10]
Event: 3.484 Thread 0x00007fc91d0d8e00  692       3       org.newdawn.slick.opengl.PNGDecoder::readInt (43 bytes)
Event: 3.484 Thread 0x00007fc91d0d8e00 nmethod 692 0x0000000110a81f90 code [0x0000000110a82120, 0x0000000110a822d0]
Event: 3.491 Thread 0x00007fc91d0d8e00  695       3       java.util.ImmutableCollections$Set12$1::next (95 bytes)
Event: 3.491 Thread 0x00007fc91e00d600 nmethod 683% 0x0000000117edac90 code [0x0000000117edae00, 0x0000000117edb0f8]
Event: 3.491 Thread 0x00007fc91d0d8e00 nmethod 695 0x0000000110a82410 code [0x0000000110a825c0, 0x0000000110a82880]
Event: 3.491 Thread 0x00007fc91d0d8e00  696       3       java.lang.invoke.MethodType::equals (56 bytes)
Event: 3.491 Thread 0x00007fc91e00d600  693       4       org.newdawn.slick.opengl.PNGDecoder::unfilterSub (38 bytes)
Event: 3.492 Thread 0x00007fc91d0d8e00 nmethod 696 0x0000000110a82990 code [0x0000000110a82ba0, 0x0000000110a83710]
Event: 3.499 Thread 0x00007fc91e00d600 nmethod 693 0x0000000117edb210 code [0x0000000117edb380, 0x0000000117edb798]
Event: 3.499 Thread 0x00007fc91e00d600  694       4       java.nio.Buffer::position (55 bytes)
Event: 3.500 Thread 0x00007fc91e00d600 nmethod 694 0x0000000117edb890 code [0x0000000117edba00, 0x0000000117edbab8]
Event: 3.500 Thread 0x00007fc91e00d600  697       4       sun.misc.Unsafe::putByte (9 bytes)
Event: 3.500 Thread 0x00007fc91e00d600 nmethod 697 0x0000000117edbb90 code [0x0000000117edbd00, 0x0000000117edbd78]
Event: 3.574 Thread 0x00007fc91d0d8e00  698       3       engine.maths.Matrix4f::get (11 bytes)
Event: 3.575 Thread 0x00007fc91d0d8e00 nmethod 698 0x0000000110a83910 code [0x0000000110a83aa0, 0x0000000110a83bd0]
Event: 3.575 Thread 0x00007fc91d0d8e00  699       3       engine.maths.Matrix4f::set (12 bytes)
Event: 3.575 Thread 0x00007fc91d0d8e00 nmethod 699 0x0000000110a83c90 code [0x0000000110a83e20, 0x0000000110a83f50]
Event: 3.575 Thread 0x00007fc91e00d600  700       4       engine.maths.Matrix4f::get (11 bytes)

GC Heap History (0 events):
No events

Deoptimization events (20 events):
Event: 3.485 Thread 0x00007fc91e00a400 DEOPT PACKING pc=0x0000000110a80135 sp=0x00007ffeed11ee70
Event: 3.485 Thread 0x00007fc91e00a400 DEOPT UNPACKING pc=0x000000011042af2b sp=0x00007ffeed11e308 mode 0
Event: 3.485 Thread 0x00007fc91e00a400 DEOPT PACKING pc=0x0000000110a80135 sp=0x00007ffeed11ee70
Event: 3.485 Thread 0x00007fc91e00a400 DEOPT UNPACKING pc=0x000000011042af2b sp=0x00007ffeed11e308 mode 0
Event: 3.486 Thread 0x00007fc91e00a400 DEOPT PACKING pc=0x0000000110a80c47 sp=0x00007ffeed11ee70
Event: 3.486 Thread 0x00007fc91e00a400 DEOPT UNPACKING pc=0x000000011042af2b sp=0x00007ffeed11e310 mode 0
Event: 3.486 Thread 0x00007fc91e00a400 DEOPT PACKING pc=0x0000000110a80135 sp=0x00007ffeed11ee70
Event: 3.486 Thread 0x00007fc91e00a400 DEOPT UNPACKING pc=0x000000011042af2b sp=0x00007ffeed11e308 mode 0
Event: 3.487 Thread 0x00007fc91e00a400 DEOPT PACKING pc=0x0000000110a80c47 sp=0x00007ffeed11ee70
Event: 3.487 Thread 0x00007fc91e00a400 DEOPT UNPACKING pc=0x000000011042af2b sp=0x00007ffeed11e310 mode 0
Event: 3.488 Thread 0x00007fc91e00a400 DEOPT PACKING pc=0x0000000110a80c47 sp=0x00007ffeed11ee70
Event: 3.488 Thread 0x00007fc91e00a400 DEOPT UNPACKING pc=0x000000011042af2b sp=0x00007ffeed11e310 mode 0
Event: 3.488 Thread 0x00007fc91e00a400 DEOPT PACKING pc=0x0000000110a80135 sp=0x00007ffeed11ee70
Event: 3.488 Thread 0x00007fc91e00a400 DEOPT UNPACKING pc=0x000000011042af2b sp=0x00007ffeed11e308 mode 0
Event: 3.488 Thread 0x00007fc91e00a400 DEOPT PACKING pc=0x0000000110a80135 sp=0x00007ffeed11ee70
Event: 3.488 Thread 0x00007fc91e00a400 DEOPT UNPACKING pc=0x000000011042af2b sp=0x00007ffeed11e308 mode 0
Event: 3.489 Thread 0x00007fc91e00a400 DEOPT PACKING pc=0x0000000110a80c47 sp=0x00007ffeed11ee70
Event: 3.489 Thread 0x00007fc91e00a400 DEOPT UNPACKING pc=0x000000011042af2b sp=0x00007ffeed11e310 mode 0
Event: 3.490 Thread 0x00007fc91e00a400 DEOPT PACKING pc=0x0000000110a80135 sp=0x00007ffeed11ee70
Event: 3.490 Thread 0x00007fc91e00a400 DEOPT UNPACKING pc=0x000000011042af2b sp=0x00007ffeed11e308 mode 0

Classes unloaded (0 events):
No events

Classes redefined (0 events):
No events

Internal exceptions (11 events):
Event: 0.428 Thread 0x00007fc91e00a400 Exception <a 'java/lang/NoSuchMethodError'{0x000000061fff0d60}: 'void java.lang.invoke.DirectMethodHandle$Holder.invokeStatic(java.lang.Object, java.lang.Object)'> (0x000000061fff0d60) 
thrown [./open/src/hotspot/share/interpreter/linkResolver.cpp, line 782]
Event: 0.429 Thread 0x00007fc91e00a400 Exception <a 'java/lang/NoSuchMethodError'{0x000000061fff6508}: 'void java.lang.invoke.DirectMethodHandle$Holder.invokeSpecial(java.lang.Object, java.lang.Object, java.lang.Object)'> (0x000000061fff6508) 
thrown [./open/src/hotspot/share/interpreter/linkResolver.cpp, line 782]
Event: 0.506 Thread 0x00007fc91e00a400 Exception <a 'java/lang/NoSuchMethodError'{0x000000061f80b1d8}: 'java.lang.Object java.lang.invoke.DirectMethodHandle$Holder.invokeStatic(java.lang.Object, java.lang.Object, int)'> (0x000000061f80b1d8) 
thrown [./open/src/hotspot/share/interpreter/linkResolver.cpp, line 782]
Event: 0.512 Thread 0x00007fc91e00a400 Exception <a 'java/lang/NoSuchMethodError'{0x000000061f817320}: 'void java.lang.invoke.DelegatingMethodHandle$Holder.delegate(java.lang.Object, java.lang.Object, int, java.lang.Object)'> (0x000000061f817320) 
thrown [./open/src/hotspot/share/interpreter/linkResolver.cpp, line 782]
Event: 0.513 Thread 0x00007fc91e00a400 Exception <a 'java/lang/NoSuchMethodError'{0x000000061f81b668}: 'int java.lang.invoke.DirectMethodHandle$Holder.invokeSpecial(java.lang.Object, java.lang.Object, java.lang.Object)'> (0x000000061f81b668) 
thrown [./open/src/hotspot/share/interpreter/linkResolver.cpp, line 782]
Event: 0.581 Thread 0x00007fc91e00a400 Exception <a 'sun/nio/fs/UnixException'{0x000000061f897e90}> (0x000000061f897e90) 
thrown [./open/src/hotspot/share/prims/jni.cpp, line 578]
Event: 0.594 Thread 0x00007fc91e00a400 Exception <a 'sun/nio/fs/UnixException'{0x000000061f8baba8}> (0x000000061f8baba8) 
thrown [./open/src/hotspot/share/prims/jni.cpp, line 578]
Event: 0.601 Thread 0x00007fc91e00a400 Exception <a 'java/lang/NoSuchMethodError'{0x000000061f901e98}: 'java.lang.Object java.lang.invoke.DirectMethodHandle$Holder.invokeStatic(java.lang.Object)'> (0x000000061f901e98) 
thrown [./open/src/hotspot/share/interpreter/linkResolver.cpp, line 782]
Event: 0.601 Thread 0x00007fc91e00a400 Exception <a 'java/lang/NoSuchMethodError'{0x000000061f905508}: 'java.lang.Object java.lang.invoke.DirectMethodHandle$Holder.invokeStaticInit(java.lang.Object)'> (0x000000061f905508) 
thrown [./open/src/hotspot/share/interpreter/linkResolver.cpp, line 782]
Event: 1.149 Thread 0x00007fc91e00a400 Exception <a 'sun/nio/fs/UnixException'{0x000000061fa14420}> (0x000000061fa14420) 
thrown [./open/src/hotspot/share/prims/jni.cpp, line 578]
Event: 3.077 Thread 0x00007fc91e00a400 Exception <a 'sun/nio/fs/UnixException'{0x000000061fa86e80}> (0x000000061fa86e80) 
thrown [./open/src/hotspot/share/prims/jni.cpp, line 578]

Events (20 events):
Event: 3.444 loading class sun/java2d/cmm/ProfileActivator done
Event: 3.444 loading class java/awt/color/ICC_Profile$1 done
Event: 3.444 loading class java/awt/color/ICC_ColorSpace
Event: 3.444 loading class java/awt/color/ICC_ColorSpace done
Event: 3.444 loading class java/awt/image/DataBuffer
Event: 3.444 loading class java/awt/image/DataBuffer done
Event: 3.444 loading class java/awt/image/DataBuffer$1
Event: 3.444 loading class sun/awt/image/SunWritableRaster$DataStealer
Event: 3.444 loading class sun/awt/image/SunWritableRaster$DataStealer done
Event: 3.444 loading class java/awt/image/DataBuffer$1 done
Event: 3.444 loading class sun/awt/image/SunWritableRaster
Event: 3.444 loading class java/awt/image/WritableRaster
Event: 3.444 loading class java/awt/image/Raster
Event: 3.444 loading class java/awt/image/Raster done
Event: 3.444 loading class java/awt/image/WritableRaster done
Event: 3.444 loading class sun/awt/image/SunWritableRaster done
Event: 3.446 loading class java/io/EOFException
Event: 3.446 loading class java/io/EOFException done
Event: 3.446 loading class java/util/zip/DataFormatException
Event: 3.446 loading class java/util/zip/DataFormatException done


Dynamic libraries:
0x00007fff692ed000 	/usr/lib/libz.1.dylib
0x0000000102ae9000 	/Users/ninjolasnjm2003/Library/Java/JavaVirtualMachines/openjdk-15.0.1/Contents/Home/lib/libjli.dylib
0x00007fff2ef3c000 	/System/Library/Frameworks/Cocoa.framework/Versions/A/Cocoa
0x00007fff3c719000 	/System/Library/Frameworks/Security.framework/Versions/A/Security
0x00007fff2dea6000 	/System/Library/Frameworks/ApplicationServices.framework/Versions/A/ApplicationServices
0x00007fff66db1000 	/usr/lib/libSystem.B.dylib
0x00007fff69bad000 	/usr/lib/system/libcache.dylib
0x00007fff69bb3000 	/usr/lib/system/libcommonCrypto.dylib
0x00007fff69bbf000 	/usr/lib/system/libcompiler_rt.dylib
0x00007fff69bc7000 	/usr/lib/system/libcopyfile.dylib
0x00007fff69bd1000 	/usr/lib/system/libcorecrypto.dylib
0x00007fff69d70000 	/usr/lib/system/libdispatch.dylib
0x00007fff69db1000 	/usr/lib/system/libdyld.dylib
0x00007fff69de8000 	/usr/lib/system/libkeymgr.dylib
0x00007fff69df6000 	/usr/lib/system/liblaunch.dylib
0x00007fff69df7000 	/usr/lib/system/libmacho.dylib
0x00007fff69dfd000 	/usr/lib/system/libquarantine.dylib
0x00007fff69e00000 	/usr/lib/system/libremovefile.dylib
0x00007fff69e02000 	/usr/lib/system/libsystem_asl.dylib
0x00007fff69e1a000 	/usr/lib/system/libsystem_blocks.dylib
0x00007fff69e1b000 	/usr/lib/system/libsystem_c.dylib
0x00007fff69ea3000 	/usr/lib/system/libsystem_configuration.dylib
0x00007fff69ea7000 	/usr/lib/system/libsystem_coreservices.dylib
0x00007fff69eab000 	/usr/lib/system/libsystem_darwin.dylib
0x00007fff69eb4000 	/usr/lib/system/libsystem_dnssd.dylib
0x00007fff69ebc000 	/usr/lib/system/libsystem_featureflags.dylib
0x00007fff69ebe000 	/usr/lib/system/libsystem_info.dylib
0x00007fff69f39000 	/usr/lib/system/libsystem_m.dylib
0x00007fff69f81000 	/usr/lib/system/libsystem_malloc.dylib
0x00007fff69fa9000 	/usr/lib/system/libsystem_networkextension.dylib
0x00007fff69fb7000 	/usr/lib/system/libsystem_notify.dylib
0x00007fff69fd5000 	/usr/lib/system/libsystem_sandbox.dylib
0x00007fff69fda000 	/usr/lib/system/libsystem_secinit.dylib
0x00007fff69f0c000 	/usr/lib/system/libsystem_kernel.dylib
0x00007fff69fc1000 	/usr/lib/system/libsystem_platform.dylib
0x00007fff69fca000 	/usr/lib/system/libsystem_pthread.dylib
0x00007fff69fdd000 	/usr/lib/system/libsystem_symptoms.dylib
0x00007fff69fe5000 	/usr/lib/system/libsystem_trace.dylib
0x00007fff69ffd000 	/usr/lib/system/libunwind.dylib
0x00007fff6a003000 	/usr/lib/system/libxpc.dylib
0x00007fff68c11000 	/usr/lib/libobjc.A.dylib
0x00007fff670ea000 	/usr/lib/libc++abi.dylib
0x00007fff67097000 	/usr/lib/libc++.1.dylib
0x00007fff2fdd7000 	/System/Library/Frameworks/CoreFoundation.framework/Versions/A/CoreFoundation
0x00007fff3248d000 	/System/Library/Frameworks/Foundation.framework/Versions/C/Foundation
0x00007fff2d097000 	/System/Library/Frameworks/AppKit.framework/Versions/C/AppKit
0x00007fff2f8c0000 	/System/Library/Frameworks/CoreData.framework/Versions/A/CoreData
0x00007fff60dd2000 	/System/Library/PrivateFrameworks/UIFoundation.framework/Versions/A/UIFoundation
0x00007fff5be80000 	/System/Library/PrivateFrameworks/RemoteViewServices.framework/Versions/A/RemoteViewServices
0x00007fff63926000 	/System/Library/PrivateFrameworks/XCTTargetBootstrap.framework/Versions/A/XCTTargetBootstrap
0x00007fff2fcab000 	/System/Library/Frameworks/CoreDisplay.framework/Versions/A/CoreDisplay
0x00007fff35346000 	/System/Library/Frameworks/Metal.framework/Versions/A/Metal
0x00007fff49eb1000 	/System/Library/PrivateFrameworks/DesktopServicesPriv.framework/Versions/A/DesktopServicesPriv
0x00007fff67eee000 	/usr/lib/liblangid.dylib
0x00007fff4914a000 	/System/Library/PrivateFrameworks/CoreSVG.framework/Versions/A/CoreSVG
0x00007fff5efd6000 	/System/Library/PrivateFrameworks/SkyLight.framework/Versions/A/SkyLight
0x00007fff30258000 	/System/Library/Frameworks/CoreGraphics.framework/Versions/A/CoreGraphics
0x00007fff2ba6b000 	/System/Library/Frameworks/Accelerate.framework/Versions/A/Accelerate
0x00007fff691de000 	/usr/lib/libxml2.2.dylib
0x00007fff54e0a000 	/System/Library/PrivateFrameworks/IconServices.framework/Versions/A/IconServices
0x00007fff32c6c000 	/System/Library/Frameworks/IOSurface.framework/Versions/A/IOSurface
0x00007fff668db000 	/usr/lib/libDiagnosticMessagesClient.dylib
0x00007fff49d0b000 	/System/Library/PrivateFrameworks/DFRFoundation.framework/Versions/A/DFRFoundation
0x00007fff67c7d000 	/usr/lib/libicucore.A.dylib
0x00007fff2e1d8000 	/System/Library/Frameworks/AudioToolbox.framework/Versions/A/AudioToolbox
0x00007fff2e2bb000 	/System/Library/Frameworks/AudioUnit.framework/Versions/A/AudioUnit
0x00007fff66fb3000 	/usr/lib/libauto.dylib
0x00007fff49dad000 	/System/Library/PrivateFrameworks/DataDetectorsCore.framework/Versions/A/DataDetectorsCore
0x00007fff2ea5d000 	/System/Library/Frameworks/Carbon.framework/Versions/A/Frameworks/HIToolbox.framework/Versions/A/HIToolbox
0x00007fff3b916000 	/System/Library/Frameworks/QuartzCore.framework/Versions/A/QuartzCore
0x00007fff2ed9c000 	/System/Library/Frameworks/Carbon.framework/Versions/A/Frameworks/SpeechRecognition.framework/Versions/A/SpeechRecognition
0x00007fff49822000 	/System/Library/PrivateFrameworks/CoreUI.framework/Versions/A/CoreUI
0x00007fff2f32b000 	/System/Library/Frameworks/CoreAudio.framework/Versions/A/CoreAudio
0x00007fff32152000 	/System/Library/Frameworks/DiskArbitration.framework/Versions/A/DiskArbitration
0x00007fff56e7f000 	/System/Library/PrivateFrameworks/MultitouchSupport.framework/Versions/A/MultitouchSupport
0x00007fff67b44000 	/usr/lib/libenergytrace.dylib
0x00007fff32bc6000 	/System/Library/Frameworks/IOKit.framework/Versions/A/IOKit
0x00007fff311bf000 	/System/Library/Frameworks/CoreServices.framework/Versions/A/CoreServices
0x00007fff59016000 	/System/Library/PrivateFrameworks/PerformanceAnalysis.framework/Versions/A/PerformanceAnalysis
0x00007fff3a949000 	/System/Library/Frameworks/OpenGL.framework/Versions/A/OpenGL
0x00007fff2ef4a000 	/System/Library/Frameworks/ColorSync.framework/Versions/A/ColorSync
0x00007fff308da000 	/System/Library/Frameworks/CoreImage.framework/Versions/A/CoreImage
0x00007fff31c31000 	/System/Library/Frameworks/CoreText.framework/Versions/A/CoreText
0x00007fff32cfc000 	/System/Library/Frameworks/ImageIO.framework/Versions/A/ImageIO
0x00007fff67113000 	/usr/lib/libcompression.dylib
0x00007fff66c1f000 	/usr/lib/libMobileGestalt.dylib
0x00007fff60b4b000 	/System/Library/PrivateFrameworks/TextureIO.framework/Versions/A/TextureIO
0x00007fff66f16000 	/usr/lib/libate.dylib
0x00007fff55013000 	/System/Library/PrivateFrameworks/InternationalSupport.framework/Versions/A/InternationalSupport
0x00007fff67ef0000 	/usr/lib/liblzma.5.dylib
0x00007fff67b6b000 	/usr/lib/libfakelink.dylib
0x00007fff66ea3000 	/usr/lib/libarchive.2.dylib
0x00007fff3d7c9000 	/System/Library/Frameworks/SystemConfiguration.framework/Versions/A/SystemConfiguration
0x00007fff6680e000 	/usr/lib/libCRFSuite.dylib
0x00007fff2e64e000 	/System/Library/Frameworks/CFNetwork.framework/Versions/A/CFNetwork
0x00007fff67079000 	/usr/lib/libbsm.0.dylib
0x00007fff69de9000 	/usr/lib/system/libkxld.dylib
0x00007fff436e0000 	/System/Library/PrivateFrameworks/AppleFSCompression.framework/Versions/A/AppleFSCompression
0x00007fff67404000 	/usr/lib/libcoretls.dylib
0x00007fff6741b000 	/usr/lib/libcoretls_cfhelpers.dylib
0x00007fff68c57000 	/usr/lib/libpam.2.dylib
0x00007fff68d8c000 	/usr/lib/libsqlite3.dylib
0x00007fff691cb000 	/usr/lib/libxar.1.dylib
0x00007fff6708a000 	/usr/lib/libbz2.1.0.dylib
0x00007fff67b8c000 	/usr/lib/libiconv.2.dylib
0x00007fff67100000 	/usr/lib/libcharset.1.dylib
0x00007fff686f6000 	/usr/lib/libnetwork.dylib
0x00007fff68c5e000 	/usr/lib/libpcap.A.dylib
0x00007fff66e58000 	/usr/lib/libapple_nghttp2.dylib
0x00007fff31576000 	/System/Library/Frameworks/CoreServices.framework/Versions/A/Frameworks/FSEvents.framework/Versions/A/FSEvents
0x00007fff31246000 	/System/Library/Frameworks/CoreServices.framework/Versions/A/Frameworks/CarbonCore.framework/Versions/A/CarbonCore
0x00007fff317b9000 	/System/Library/Frameworks/CoreServices.framework/Versions/A/Frameworks/Metadata.framework/Versions/A/Metadata
0x00007fff31852000 	/System/Library/Frameworks/CoreServices.framework/Versions/A/Frameworks/OSServices.framework/Versions/A/OSServices
0x00007fff31880000 	/System/Library/Frameworks/CoreServices.framework/Versions/A/Frameworks/SearchKit.framework/Versions/A/SearchKit
0x00007fff311c0000 	/System/Library/Frameworks/CoreServices.framework/Versions/A/Frameworks/AE.framework/Versions/A/AE
0x00007fff3157f000 	/System/Library/Frameworks/CoreServices.framework/Versions/A/Frameworks/LaunchServices.framework/Versions/A/LaunchServices
0x00007fff31528000 	/System/Library/Frameworks/CoreServices.framework/Versions/A/Frameworks/DictionaryServices.framework/Versions/A/DictionaryServices
0x00007fff318e8000 	/System/Library/Frameworks/CoreServices.framework/Versions/A/Frameworks/SharedFileList.framework/Versions/A/SharedFileList
0x00007fff36769000 	/System/Library/Frameworks/NetFS.framework/Versions/A/NetFS
0x00007fff573ae000 	/System/Library/PrivateFrameworks/NetAuth.framework/Versions/A/NetAuth
0x00007fff63cf3000 	/System/Library/PrivateFrameworks/login.framework/Versions/A/Frameworks/loginsupport.framework/Versions/A/loginsupport
0x00007fff60618000 	/System/Library/PrivateFrameworks/TCC.framework/Versions/A/TCC
0x00007fff482bd000 	/System/Library/PrivateFrameworks/CoreNLP.framework/Versions/A/CoreNLP
0x00007fff56885000 	/System/Library/PrivateFrameworks/MetadataUtilities.framework/Versions/A/MetadataUtilities
0x00007fff67fc8000 	/usr/lib/libmecabra.dylib
0x00007fff67f20000 	/usr/lib/libmecab.dylib
0x00007fff67b7c000 	/usr/lib/libgermantok.dylib
0x00007fff66e3f000 	/usr/lib/libThaiTokenizer.dylib
0x00007fff66845000 	/usr/lib/libChineseTokenizer.dylib
0x00007fff2ba83000 	/System/Library/Frameworks/Accelerate.framework/Versions/A/Frameworks/vImage.framework/Versions/A/vImage
0x00007fff2ceed000 	/System/Library/Frameworks/Accelerate.framework/Versions/A/Frameworks/vecLib.framework/Versions/A/vecLib
0x00007fff2ce2a000 	/System/Library/Frameworks/Accelerate.framework/Versions/A/Frameworks/vecLib.framework/Versions/A/libvMisc.dylib
0x00007fff2cc52000 	/System/Library/Frameworks/Accelerate.framework/Versions/A/Frameworks/vecLib.framework/Versions/A/libvDSP.dylib
0x00007fff2c0da000 	/System/Library/Frameworks/Accelerate.framework/Versions/A/Frameworks/vecLib.framework/Versions/A/libBLAS.dylib
0x00007fff2c816000 	/System/Library/Frameworks/Accelerate.framework/Versions/A/Frameworks/vecLib.framework/Versions/A/libLAPACK.dylib
0x00007fff2cbb2000 	/System/Library/Frameworks/Accelerate.framework/Versions/A/Frameworks/vecLib.framework/Versions/A/libLinearAlgebra.dylib
0x00007fff2cc3f000 	/System/Library/Frameworks/Accelerate.framework/Versions/A/Frameworks/vecLib.framework/Versions/A/libSparseBLAS.dylib
0x00007fff2cbc8000 	/System/Library/Frameworks/Accelerate.framework/Versions/A/Frameworks/vecLib.framework/Versions/A/libQuadrature.dylib
0x00007fff2c342000 	/System/Library/Frameworks/Accelerate.framework/Versions/A/Frameworks/vecLib.framework/Versions/A/libBNNS.dylib
0x00007fff2cbce000 	/System/Library/Frameworks/Accelerate.framework/Versions/A/Frameworks/vecLib.framework/Versions/A/libSparse.dylib
0x00007fff553fb000 	/System/Library/PrivateFrameworks/LanguageModeling.framework/Versions/A/LanguageModeling
0x00007fff47c6d000 	/System/Library/PrivateFrameworks/CoreEmoji.framework/Versions/A/CoreEmoji
0x00007fff55519000 	/System/Library/PrivateFrameworks/LinguisticData.framework/Versions/A/LinguisticData
0x00007fff554ca000 	/System/Library/PrivateFrameworks/Lexicon.framework/Versions/A/Lexicon
0x00007fff67101000 	/usr/lib/libcmph.dylib
0x00007fff39357000 	/System/Library/Frameworks/OpenDirectory.framework/Versions/A/Frameworks/CFOpenDirectory.framework/Versions/A/CFOpenDirectory
0x00007fff39374000 	/System/Library/Frameworks/OpenDirectory.framework/Versions/A/OpenDirectory
0x00007fff41794000 	/System/Library/PrivateFrameworks/APFS.framework/Versions/A/APFS
0x00007fff3ca63000 	/System/Library/Frameworks/SecurityFoundation.framework/Versions/A/SecurityFoundation
0x00007fff691c7000 	/usr/lib/libutil.dylib
0x00007fff491a2000 	/System/Library/PrivateFrameworks/CoreServicesStore.framework/Versions/A/CoreServicesStore
0x00007fff3cb1a000 	/System/Library/Frameworks/ServiceManagement.framework/Versions/A/ServiceManagement
0x00007fff44eae000 	/System/Library/PrivateFrameworks/BackgroundTaskManagement.framework/Versions/A/BackgroundTaskManagement
0x00007fff692c4000 	/usr/lib/libxslt.1.dylib
0x00007fff43d52000 	/System/Library/PrivateFrameworks/AppleSystemInfo.framework/Versions/A/AppleSystemInfo
0x00007fff32f17000 	/System/Library/Frameworks/ImageIO.framework/Versions/A/Resources/libJPEG.dylib
0x00007fff331d3000 	/System/Library/Frameworks/ImageIO.framework/Versions/A/Resources/libTIFF.dylib
0x00007fff331b6000 	/System/Library/Frameworks/ImageIO.framework/Versions/A/Resources/libPng.dylib
0x00007fff32e59000 	/System/Library/Frameworks/ImageIO.framework/Versions/A/Resources/libGIF.dylib
0x00007fff32e5d000 	/System/Library/Frameworks/ImageIO.framework/Versions/A/Resources/libJP2.dylib
0x00007fff331d1000 	/System/Library/Frameworks/ImageIO.framework/Versions/A/Resources/libRadiance.dylib
0x00007fff67b45000 	/usr/lib/libexpat.1.dylib
0x00007fff4383b000 	/System/Library/PrivateFrameworks/AppleJPEG.framework/Versions/A/AppleJPEG
0x00007fff4c47d000 	/System/Library/PrivateFrameworks/FontServices.framework/libFontParser.dylib
0x00007fff62cf9000 	/System/Library/PrivateFrameworks/WatchdogClient.framework/Versions/A/WatchdogClient
0x00007fff54a57000 	/System/Library/PrivateFrameworks/IOAccelerator.framework/Versions/A/IOAccelerator
0x00007fff356e1000 	/System/Library/Frameworks/MetalPerformanceShaders.framework/Versions/A/MetalPerformanceShaders
0x00007fff511f0000 	/System/Library/PrivateFrameworks/GPUWrangler.framework/Versions/A/GPUWrangler
0x00007fff54a6c000 	/System/Library/PrivateFrameworks/IOPresentment.framework/Versions/A/IOPresentment
0x00007fff49d1e000 	/System/Library/PrivateFrameworks/DSExternalDisplay.framework/Versions/A/DSExternalDisplay
0x00007fff39ce8000 	/System/Library/Frameworks/OpenGL.framework/Versions/A/Libraries/libCoreFSCache.dylib
0x00007fff3542d000 	/System/Library/Frameworks/MetalPerformanceShaders.framework/Frameworks/MPSCore.framework/Versions/A/MPSCore
0x00007fff3546b000 	/System/Library/Frameworks/MetalPerformanceShaders.framework/Frameworks/MPSImage.framework/Versions/A/MPSImage
0x00007fff35532000 	/System/Library/Frameworks/MetalPerformanceShaders.framework/Frameworks/MPSNeuralNetwork.framework/Versions/A/MPSNeuralNetwork
0x00007fff354f6000 	/System/Library/Frameworks/MetalPerformanceShaders.framework/Frameworks/MPSMatrix.framework/Versions/A/MPSMatrix
0x00007fff35691000 	/System/Library/Frameworks/MetalPerformanceShaders.framework/Frameworks/MPSRayIntersector.framework/Versions/A/MPSRayIntersector
0x00007fff3551c000 	/System/Library/Frameworks/MetalPerformanceShaders.framework/Frameworks/MPSNDArray.framework/Versions/A/MPSNDArray
0x00007fff568d2000 	/System/Library/PrivateFrameworks/MetalTools.framework/Versions/A/MetalTools
0x00007fff42966000 	/System/Library/PrivateFrameworks/AggregateDictionary.framework/Versions/A/AggregateDictionary
0x00007fff476c7000 	/System/Library/PrivateFrameworks/CoreAnalytics.framework/Versions/A/CoreAnalytics
0x00007fff43c71000 	/System/Library/PrivateFrameworks/AppleSauce.framework/Versions/A/AppleSauce
0x00007fff66b01000 	/usr/lib/libIOReport.dylib
0x00007fff31de9000 	/System/Library/Frameworks/CoreVideo.framework/Versions/A/CoreVideo
0x00007fff5266a000 	/System/Library/PrivateFrameworks/GraphVisualizer.framework/Versions/A/GraphVisualizer
0x00007fff4b9d1000 	/System/Library/PrivateFrameworks/FaceCore.framework/Versions/A/FaceCore
0x00007fff392fe000 	/System/Library/Frameworks/OpenCL.framework/Versions/A/OpenCL
0x00007fff66923000 	/usr/lib/libFosl_dynamic.dylib
0x00007fff57dc3000 	/System/Library/PrivateFrameworks/OTSVG.framework/Versions/A/OTSVG
0x00007fff2dfab000 	/System/Library/Frameworks/ApplicationServices.framework/Versions/A/Frameworks/ATS.framework/Versions/A/Resources/libFontRegistry.dylib
0x00007fff4c64e000 	/System/Library/PrivateFrameworks/FontServices.framework/libhvf.dylib
0x00007fff39cf3000 	/System/Library/Frameworks/OpenGL.framework/Versions/A/Libraries/libGFXShared.dylib
0x00007fff39ed1000 	/System/Library/Frameworks/OpenGL.framework/Versions/A/Libraries/libGLU.dylib
0x00007fff39cfc000 	/System/Library/Frameworks/OpenGL.framework/Versions/A/Libraries/libGL.dylib
0x00007fff39d07000 	/System/Library/Frameworks/OpenGL.framework/Versions/A/Libraries/libGLImage.dylib
0x00007fff39ce5000 	/System/Library/Frameworks/OpenGL.framework/Versions/A/Libraries/libCVMSPluginSupport.dylib
0x00007fff39cee000 	/System/Library/Frameworks/OpenGL.framework/Versions/A/Libraries/libCoreVMClient.dylib
0x00007fff68597000 	/usr/lib/libncurses.5.4.dylib
0x00007fff2dea7000 	/System/Library/Frameworks/ApplicationServices.framework/Versions/A/Frameworks/ATS.framework/Versions/A/ATS
0x00007fff2e074000 	/System/Library/Frameworks/ApplicationServices.framework/Versions/A/Frameworks/ColorSyncLegacy.framework/Versions/A/ColorSyncLegacy
0x00007fff2e112000 	/System/Library/Frameworks/ApplicationServices.framework/Versions/A/Frameworks/HIServices.framework/Versions/A/HIServices
0x00007fff2e16a000 	/System/Library/Frameworks/ApplicationServices.framework/Versions/A/Frameworks/LangAnalysis.framework/Versions/A/LangAnalysis
0x00007fff2e179000 	/System/Library/Frameworks/ApplicationServices.framework/Versions/A/Frameworks/PrintCore.framework/Versions/A/PrintCore
0x00007fff2e1bf000 	/System/Library/Frameworks/ApplicationServices.framework/Versions/A/Frameworks/QD.framework/Versions/A/QD
0x00007fff2e1ca000 	/System/Library/Frameworks/ApplicationServices.framework/Versions/A/Frameworks/SpeechSynthesis.framework/Versions/A/SpeechSynthesis
0x00007fff2e044000 	/System/Library/Frameworks/ApplicationServices.framework/Versions/A/Frameworks/ATSUI.framework/Versions/A/ATSUI
0x00007fff679d9000 	/usr/lib/libcups.2.dylib
0x00007fff3477e000 	/System/Library/Frameworks/Kerberos.framework/Versions/A/Kerberos
0x00007fff328bf000 	/System/Library/Frameworks/GSS.framework/Versions/A/GSS
0x00007fff68d18000 	/usr/lib/libresolv.9.dylib
0x00007fff52818000 	/System/Library/PrivateFrameworks/Heimdal.framework/Versions/A/Heimdal
0x00007fff34791000 	/System/Library/Frameworks/Kerberos.framework/Versions/A/Libraries/libHeimdalProxy.dylib
0x00007fff67b82000 	/usr/lib/libheimdal-asn1.dylib
0x00007fff46b60000 	/System/Library/PrivateFrameworks/CommonAuth.framework/Versions/A/CommonAuth
0x00007fff43def000 	/System/Library/PrivateFrameworks/AssertionServices.framework/Versions/A/AssertionServices
0x00007fff44991000 	/System/Library/PrivateFrameworks/AudioToolboxCore.framework/Versions/A/AudioToolboxCore
0x00007fff639a3000 	/System/Library/PrivateFrameworks/caulk.framework/Versions/A/caulk
0x00007fff44f5a000 	/System/Library/PrivateFrameworks/BaseBoard.framework/Versions/A/BaseBoard
0x00007fff5c00e000 	/System/Library/PrivateFrameworks/RunningBoardServices.framework/Versions/A/RunningBoardServices
0x00007fff59022000 	/System/Library/PrivateFrameworks/PersistentConnection.framework/Versions/A/PersistentConnection
0x00007fff5ba08000 	/System/Library/PrivateFrameworks/ProtocolBuffer.framework/Versions/A/ProtocolBuffer
0x00007fff46b84000 	/System/Library/PrivateFrameworks/CommonUtilities.framework/Versions/A/CommonUtilities
0x00007fff450e8000 	/System/Library/PrivateFrameworks/Bom.framework/Versions/A/Bom
0x00007fff667d4000 	/usr/lib/libAudioToolboxUtility.dylib
0x00007fff44eb8000 	/System/Library/PrivateFrameworks/Backup.framework/Versions/A/Backup
0x00007fff49c3f000 	/System/Library/PrivateFrameworks/CrashReporterSupport.framework/Versions/A/CrashReporterSupport
0x00007fff5da9c000 	/System/Library/PrivateFrameworks/Sharing.framework/Versions/A/Sharing
0x00007fff433fe000 	/System/Library/PrivateFrameworks/Apple80211.framework/Versions/A/Apple80211
0x00007fff44bd5000 	/System/Library/PrivateFrameworks/AuthKit.framework/Versions/A/AuthKit
0x00007fff4994f000 	/System/Library/PrivateFrameworks/CoreUtils.framework/Versions/A/CoreUtils
0x00007fff31e2e000 	/System/Library/Frameworks/CoreWLAN.framework/Versions/A/CoreWLAN
0x00007fff32a4c000 	/System/Library/Frameworks/IOBluetooth.framework/Versions/A/IOBluetooth
0x00007fff56bfe000 	/System/Library/PrivateFrameworks/MobileKeyBag.framework/Versions/A/MobileKeyBag
0x00007fff48755000 	/System/Library/PrivateFrameworks/CorePhoneNumbers.framework/Versions/A/CorePhoneNumbers
0x00007fff437ee000 	/System/Library/PrivateFrameworks/AppleIDAuthSupport.framework/Versions/A/AppleIDAuthSupport
0x00007fff36776000 	/System/Library/Frameworks/Network.framework/Versions/A/Network
0x00007fff552a7000 	/System/Library/PrivateFrameworks/KeychainCircle.framework/Versions/A/KeychainCircle
0x00007fff2f887000 	/System/Library/Frameworks/CoreBluetooth.framework/Versions/A/CoreBluetooth
0x00007fff5fb19000 	/System/Library/PrivateFrameworks/SpeechRecognitionCore.framework/Versions/A/SpeechRecognitionCore
0x0000000103400000 	/Users/ninjolasnjm2003/Library/Java/JavaVirtualMachines/openjdk-15.0.1/Contents/Home/lib/server/libjvm.dylib
0x0000000102b11000 	/Users/ninjolasnjm2003/Library/Java/JavaVirtualMachines/openjdk-15.0.1/Contents/Home/lib/libjimage.dylib
0x0000000102b67000 	/Users/ninjolasnjm2003/Library/Java/JavaVirtualMachines/openjdk-15.0.1/Contents/Home/lib/libjava.dylib
0x0000000107da8000 	/Users/ninjolasnjm2003/Library/Java/JavaVirtualMachines/openjdk-15.0.1/Contents/Home/lib/libnio.dylib
0x0000000107dbc000 	/Users/ninjolasnjm2003/Library/Java/JavaVirtualMachines/openjdk-15.0.1/Contents/Home/lib/libnet.dylib
0x0000000102bf2000 	/Users/ninjolasnjm2003/Library/Java/JavaVirtualMachines/openjdk-15.0.1/Contents/Home/lib/libzip.dylib
0x0000000107dd5000 	/private/var/folders/2f/wcw3mxzs5qx42s518bnknszm0000gs/T/lwjglninjolasnjm2003/3.2.3-build-13/liblwjgl.dylib
0x0000000107dfd000 	/private/var/folders/2f/wcw3mxzs5qx42s518bnknszm0000gs/T/lwjglninjolasnjm2003/3.2.3-build-13/libglfw.dylib
0x00007fff4916e000 	/System/Library/PrivateFrameworks/CoreServicesInternal.framework/Versions/A/CoreServicesInternal
0x00007fff3234a000 	/System/Library/Frameworks/FileProvider.framework/Versions/A/FileProvider
0x00007fff2ceee000 	/System/Library/Frameworks/Accounts.framework/Versions/A/Accounts
0x00007fff51515000 	/System/Library/PrivateFrameworks/GenerationalStorage.framework/Versions/A/GenerationalStorage
0x00007fff496f4000 	/System/Library/PrivateFrameworks/CoreSymbolication.framework/Versions/A/CoreSymbolication
0x00007fff60359000 	/System/Library/PrivateFrameworks/SymptomDiagnosticReporter.framework/Versions/A/SymptomDiagnosticReporter
0x00007fff42f03000 	/System/Library/PrivateFrameworks/AppContainer.framework/Versions/A/AppContainer
0x00007fff68d32000 	/usr/lib/libsandbox.1.dylib
0x00007fff61c9d000 	/System/Library/PrivateFrameworks/UserManagement.framework/Versions/A/UserManagement
0x00007fff45ca0000 	/System/Library/PrivateFrameworks/ChunkingLibrary.framework/Versions/A/ChunkingLibrary
0x00007fff49e73000 	/System/Library/PrivateFrameworks/DebugSymbols.framework/Versions/A/DebugSymbols
0x00007fff42f75000 	/System/Library/PrivateFrameworks/AppSandbox.framework/Versions/A/AppSandbox
0x00007fff5d926000 	/System/Library/PrivateFrameworks/SecCodeWrapper.framework/Versions/A/SecCodeWrapper
0x00007fff66be9000 	/usr/lib/libMatch.1.dylib
0x0000000108188000 	/System/Library/Extensions/IOHIDFamily.kext/Contents/PlugIns/IOHIDLib.plugin/Contents/MacOS/IOHIDLib
0x00007fff2ba6c000 	/System/Library/Frameworks/Accelerate.framework/Versions/A/Frameworks/vImage.framework/Versions/A/Libraries/libCGInterfaces.dylib
0x00007fff4c5b5000 	/System/Library/PrivateFrameworks/FontServices.framework/libTrueTypeScaler.dylib
0x00007fff2b4ca000 	/System/Library/Extensions/GeForceMTLDriver.bundle/Contents/MacOS/GeForceMTLDriver
0x00007fff4fb3f000 	/System/Library/PrivateFrameworks/GPUCompiler.framework/Versions/3902/Libraries/libmetal_timestamp.dylib
0x00007fff62a69000 	/System/Library/PrivateFrameworks/ViewBridge.framework/Versions/A/ViewBridge
0x000000013c8cf000 	/usr/lib/libobjc-trampolines.dylib
0x00007fff63cf6000 	/System/Library/PrivateFrameworks/login.framework/Versions/A/login
0x00007fff3a959000 	/System/Library/Frameworks/OpenGL.framework/Versions/A/Resources/GLEngine.bundle/GLEngine
0x00007fff39d3c000 	/System/Library/Frameworks/OpenGL.framework/Versions/A/Libraries/libGLProgrammability.dylib
0x00007fff2a4e5000 	/System/Library/Extensions/GeForceGLDriver.bundle/Contents/MacOS/GeForceGLDriver
0x00007fff511e4000 	/System/Library/PrivateFrameworks/GPUSupport.framework/Versions/A/Libraries/libGPUSupportMercury.dylib
0x00007fff2adf2000 	/System/Library/Extensions/GeForceGLDriver.bundle/Contents/MacOS/libclh.dylib
0x00007fff3aad3000 	/System/Library/Frameworks/OpenGL.framework/Versions/A/Resources/GLRendererFloat.bundle/GLRendererFloat
0x00007fff392f5000 	/System/Library/Frameworks/OpenCL.framework/Versions/A/Libraries/libcldcpuengine.dylib
0x000000013e0fe000 	/private/var/folders/2f/wcw3mxzs5qx42s518bnknszm0000gs/T/lwjglninjolasnjm2003/3.2.3-build-13/liblwjgl_opengl.dylib
0x000000013e125000 	/Users/ninjolasnjm2003/Library/Java/JavaVirtualMachines/openjdk-15.0.1/Contents/Home/lib/libawt.dylib
0x000000013e1dc000 	/Users/ninjolasnjm2003/Library/Java/JavaVirtualMachines/openjdk-15.0.1/Contents/Home/lib/libmlib_image.dylib
0x00007fff34767000 	/System/Library/Frameworks/JavaVM.framework/Versions/A/Frameworks/JavaNativeFoundation.framework/Versions/A/JavaNativeFoundation
0x00007fff34770000 	/System/Library/Frameworks/JavaVM.framework/Versions/A/Frameworks/JavaRuntimeSupport.framework/Versions/A/JavaRuntimeSupport
0x00007fff34779000 	/System/Library/Frameworks/JavaVM.framework/Versions/A/JavaVM
0x00007fff550be000 	/System/Library/PrivateFrameworks/JavaLaunching.framework/Versions/A/JavaLaunching
0x00007fff2ea58000 	/System/Library/Frameworks/Carbon.framework/Versions/A/Carbon
0x00007fff2ea59000 	/System/Library/Frameworks/Carbon.framework/Versions/A/Frameworks/CommonPanels.framework/Versions/A/CommonPanels
0x00007fff2ed52000 	/System/Library/Frameworks/Carbon.framework/Versions/A/Frameworks/Help.framework/Versions/A/Help
0x00007fff2ed56000 	/System/Library/Frameworks/Carbon.framework/Versions/A/Frameworks/ImageCapture.framework/Versions/A/ImageCapture
0x00007fff2ed5d000 	/System/Library/Frameworks/Carbon.framework/Versions/A/Frameworks/OpenScripting.framework/Versions/A/OpenScripting
0x00007fff2ed5c000 	/System/Library/Frameworks/Carbon.framework/Versions/A/Frameworks/Ink.framework/Versions/A/Ink
0x00007fff2ed98000 	/System/Library/Frameworks/Carbon.framework/Versions/A/Frameworks/Print.framework/Versions/A/Print
0x00007fff2ed99000 	/System/Library/Frameworks/Carbon.framework/Versions/A/Frameworks/SecurityHI.framework/Versions/A/SecurityHI
0x000000013e278000 	/Users/ninjolasnjm2003/Library/Java/JavaVirtualMachines/openjdk-15.0.1/Contents/Home/lib/libawt_lwawt.dylib
0x000000013e332000 	/Users/ninjolasnjm2003/Library/Java/JavaVirtualMachines/openjdk-15.0.1/Contents/Home/lib/libosxapp.dylib
0x00007fff3232b000 	/System/Library/Frameworks/ExceptionHandling.framework/Versions/A/ExceptionHandling


VM Arguments:
jvm_args: -Dfile.encoding=UTF-8 -XX:+ShowCodeDetailsInExceptionMessages 
java_command: main.Main
java_class_path (initial): /Users/ninjolasnjm2003/git/repository/LWJGL Voxel Engine/bin:/Users/ninjolasnjm2003/Desktop/LWJGL Library/lwjgl-assimp-javadoc.jar:/Users/ninjolasnjm2003/Desktop/LWJGL Library/lwjgl-assimp-natives-macos.jar:/Users/ninjolasnjm2003/Desktop/LWJGL Library/lwjgl-assimp-sources.jar:/Users/ninjolasnjm2003/Desktop/LWJGL Library/lwjgl-assimp.jar:/Users/ninjolasnjm2003/Desktop/LWJGL Library/lwjgl-bgfx-javadoc.jar:/Users/ninjolasnjm2003/Desktop/LWJGL Library/lwjgl-bgfx-natives-macos.jar:/Users/ninjolasnjm2003/Desktop/LWJGL Library/lwjgl-bgfx-sources.jar:/Users/ninjolasnjm2003/Desktop/LWJGL Library/lwjgl-bgfx.jar:/Users/ninjolasnjm2003/Desktop/LWJGL Library/lwjgl-glfw-javadoc.jar:/Users/ninjolasnjm2003/Desktop/LWJGL Library/lwjgl-glfw-natives-macos.jar:/Users/ninjolasnjm2003/Desktop/LWJGL Library/lwjgl-glfw-sources.jar:/Users/ninjolasnjm2003/Desktop/LWJGL Library/lwjgl-glfw.jar:/Users/ninjolasnjm2003/Desktop/LWJGL Library/lwjgl-javadoc.jar:/Users/ninjolasnjm2003/Desktop/LWJGL Library/lwjgl-nanovg-javadoc.jar:/Users/ninjolasnjm2003/Desktop/LWJGL Library/lwjgl-nanovg-natives-macos.jar:/Users/ninjolasnjm2003/Desktop/LWJGL Library/lwjgl-nanovg-sources.jar:/Users/ninjolasnjm2003/Desktop/LWJGL Library/lwjgl-nanovg.jar:/Users/ninjolasnjm2003/Desktop/LWJGL Library/lwjgl-natives-macos.jar:/Users/ninjolasnjm2003/Desktop/LWJGL Library/lwjgl-nuklear-javadoc.jar:/Users/ninjolasnjm2003/Desktop/LWJGL Library/lwjgl-nuklear-natives-macos.jar:/Users/ninjolasnjm2003/Desktop/LWJGL Library/lwjgl-nuklear-sources.jar:/Users/ninjolasnjm2003/Desktop/LWJGL Library/lwjgl-nuklear.jar:/Users/ninjolasnjm2003/Desktop/LWJGL Library/lwjgl-openal-javadoc.jar:/Users/ninjolasnjm2003/Desktop/LWJGL Library/lwjgl-openal-natives-macos.jar:/Users/ninjolasnjm2003/Desktop/LWJGL Library/lwjgl-openal-sources.jar:/Users/ninjolasnjm2003/Desktop/LWJGL Library/lwjgl-openal.jar:/Users/ninjolasnjm2003/Desktop/LWJGL Library/lwjgl-opengl-javadoc.jar:/Users/ninjolasnjm2003/Desktop/LWJGL Library/lwjgl-o
Launcher Type: SUN_STANDARD

[Global flags]
     intx CICompilerCount                          = 3                                         {product} {ergonomic}
     uint ConcGCThreads                            = 1                                         {product} {ergonomic}
     uint G1ConcRefinementThreads                  = 4                                         {product} {ergonomic}
   size_t G1HeapRegionSize                         = 4194304                                   {product} {ergonomic}
    uintx GCDrainStackTargetSize                   = 64                                        {product} {ergonomic}
   size_t InitialHeapSize                          = 536870912                                 {product} {ergonomic}
   size_t MarkStackSize                            = 4194304                                   {product} {ergonomic}
   size_t MaxHeapSize                              = 8589934592                                {product} {ergonomic}
   size_t MaxNewSize                               = 5150605312                                {product} {ergonomic}
   size_t MinHeapDeltaBytes                        = 4194304                                   {product} {ergonomic}
   size_t MinHeapSize                              = 8388608                                   {product} {ergonomic}
    uintx NonNMethodCodeHeapSize                   = 5832780                                {pd product} {ergonomic}
    uintx NonProfiledCodeHeapSize                  = 122912730                              {pd product} {ergonomic}
    uintx ProfiledCodeHeapSize                     = 122912730                              {pd product} {ergonomic}
    uintx ReservedCodeCacheSize                    = 251658240                              {pd product} {ergonomic}
     bool SegmentedCodeCache                       = true                                      {product} {ergonomic}
     bool ShowCodeDetailsInExceptionMessages       = true                                   {manageable} {command line}
   size_t SoftMaxHeapSize                          = 8589934592                             {manageable} {ergonomic}
     bool UseCompressedClassPointers               = true                                 {lp64_product} {ergonomic}
     bool UseCompressedOops                        = true                                 {lp64_product} {ergonomic}
     bool UseG1GC                                  = true                                      {product} {ergonomic}
     bool UseNUMA                                  = false                                     {product} {ergonomic}
     bool UseNUMAInterleaving                      = false                                     {product} {ergonomic}

Logging:
Log output configuration:
 #0: stdout all=warning uptime,level,tags
 #1: stderr all=off uptime,level,tags

Environment Variables:
PATH=/usr/bin:/bin:/usr/sbin:/sbin
SHELL=/bin/bash

Signal Handlers:
SIGSEGV: [libjvm.dylib+0xa00020], sa_mask[0]=11111111011111110111111111111111, sa_flags=SA_ONSTACK|SA_RESTART|SA_SIGINFO
SIGBUS: [libjvm.dylib+0xa00020], sa_mask[0]=11111111011111110111111111111111, sa_flags=SA_RESTART|SA_SIGINFO
SIGFPE: [libjvm.dylib+0xa00020], sa_mask[0]=11111111011111110111111111111111, sa_flags=SA_RESTART|SA_SIGINFO
SIGPIPE: [libjvm.dylib+0x82b7f0], sa_mask[0]=11111111011111110111111111111111, sa_flags=SA_RESTART|SA_SIGINFO
SIGXFSZ: [libjvm.dylib+0x82b7f0], sa_mask[0]=11111111011111110111111111111111, sa_flags=SA_RESTART|SA_SIGINFO
SIGILL: [libjvm.dylib+0xa00020], sa_mask[0]=11111111011111110111111111111111, sa_flags=SA_RESTART|SA_SIGINFO
SIGUSR2: [libjvm.dylib+0x82c300], sa_mask[0]=00100000000000000000000000000000, sa_flags=SA_RESTART|SA_SIGINFO
SIGHUP: [libjvm.dylib+0x82aa00], sa_mask[0]=11111111011111110111111111111111, sa_flags=SA_RESTART|SA_SIGINFO
SIGINT: [libjvm.dylib+0x82aa00], sa_mask[0]=11111111011111110111111111111111, sa_flags=SA_RESTART|SA_SIGINFO
SIGTERM: [libjvm.dylib+0x82aa00], sa_mask[0]=11111111011111110111111111111111, sa_flags=SA_RESTART|SA_SIGINFO
SIGQUIT: [libjvm.dylib+0x82aa00], sa_mask[0]=11111111011111110111111111111111, sa_flags=SA_RESTART|SA_SIGINFO


---------------  S Y S T E M  ---------------

OS:uname: Darwin 19.4.0 Darwin Kernel Version 19.4.0: Wed Mar  4 22:28:40 PST 2020; root:xnu-6153.101.6~15/RELEASE_X86_64 x86_64
OS uptime: 5 days 4:33 hours
rlimit (soft/hard): STACK 8192k/65532k , CORE 0k/infinity , NPROC 5568/8352 , NOFILE 10240/infinity , AS infinity/infinity , CPU infinity/infinity , DATA infinity/infinity , FSIZE infinity/infinity , MEMLOCK infinity/infinity , RSS infinity/infinity
load average: 168.98 162.74 157.92

CPU: total 4 (initial active 4) (4 cores per cpu, 1 threads per core) family 6 model 60 stepping 3 microcode 0x27, cmov, cx8, fxsr, mmx, sse, sse2, sse3, ssse3, sse4.1, sse4.2, popcnt, vzeroupper, avx, avx2, aes, clmul, erms, lzcnt, tsc, tscinvbit, bmi1, bmi2, fma, clflush

Memory: 4k page, physical 33554432k(544784k free), swap 0k(0k free)

vm_info: OpenJDK 64-Bit Server VM (15.0.1+9-18) for bsd-amd64 JRE (15.0.1+9-18), built on Sep 15 2020 13:39:50 by "mach5one" with clang 4.2.1 Compatible Apple LLVM 10.0.0 (clang-1000.11.45.5)

END.
